<?xml version="1.0" encoding="UTF-8"?>
<!-- Generated by org.testng.reporters.JUnitReportReporter -->
<testsuite skipped="0" hostname="DESKTOP-S6POP2D" name="com.Test.LoginTest" tests="1" failures="0" timestamp="30 May 2022 14:24:20 GMT" time="0.438" errors="0">
  <testcase name="logintest" time="0.438" classname="com.Test.LoginTest"/>
</testsuite> <!-- com.Test.LoginTest -->
