<?xml version="1.0" encoding="UTF-8"?>
<!-- Generated by org.testng.reporters.JUnitReportReporter -->
<testsuite skipped="1" hostname="DESKTOP-S6POP2D" name="com.Test.LoginTest" tests="3" failures="0" timestamp="06 Jun 2022 02:20:33 GMT" time="1.894" errors="0">
  <testcase name="logintest" time="1.880" classname="com.Test.LoginTest"/>
  <testcase name="failTest" time="0.013" classname="com.Test.LoginTest"/>
  <testcase name="skipTest" time="0.001" classname="com.Test.LoginTest">
    <skipped/>
  </testcase> <!-- skipTest -->
</testsuite> <!-- com.Test.LoginTest -->
