<?xml version="1.0" encoding="UTF-8"?>
<!-- Generated by org.testng.reporters.JUnitReportReporter -->
<testsuite skipped="1" hostname="DESKTOP-S6POP2D" name="com.Test.LoginTest" tests="1" failures="0" timestamp="09 Jul 2022 05:32:41 GMT" time="0.012" errors="0">
  <testcase name="skipTest" time="0.012" classname="com.Test.LoginTest">
    <skipped/>
  </testcase> <!-- skipTest -->
</testsuite> <!-- com.Test.LoginTest -->
